Downloading https://services.gradle.org/distributions/gradle-8.10.2-bin.zip
.............10%.............20%.............30%..........
Could not unzip /data/data/com.termux/files/home/.gradle/wrapper/dists/gradle-8.10.2-bin/a04bxjujx95o3nb99gddekhwo/gradle-8.10.2-bin.zip to /data/data/com.termux/files/home/.gradle/wrapper/dists/gradle-8.10.2-bin/a04bxjujx95o3nb99gddekhwo.
Reason: zip END header not found
Exception in thread "main" java.util.zip.ZipException: zip END header not found
	at java.base/java.util.zip.ZipFile$Source.findEND(ZipFile.java:1637)
	at java.base/java.util.zip.ZipFile$Source.initCEN(ZipFile.java:1645)
	at java.base/java.util.zip.ZipFile$Source.<init>(ZipFile.java:1483)
	at java.base/java.util.zip.ZipFile$Source.get(ZipFile.java:1445)
	at java.base/java.util.zip.ZipFile$CleanableResource.<init>(ZipFile.java:717)
	at java.base/java.util.zip.ZipFile.<init>(ZipFile.java:251)
	at java.base/java.util.zip.ZipFile.<init>(ZipFile.java:180)
	at java.base/java.util.zip.ZipFile.<init>(ZipFile.java:194)
	at org.gradle.wrapper.Install.unzip(Install.java:238)
	at org.gradle.wrapper.Install.access$900(Install.java:27)
	at org.gradle.wrapper.Install$1.call(Install.java:81)
	at org.gradle.wrapper.Install$1.call(Install.java:48)
	at org.gradle.wrapper.ExclusiveFileAccessManager.access(ExclusiveFileAccessManager.java:69)
	at org.gradle.wrapper.Install.createDist(Install.java:48)
	at org.gradle.wrapper.WrapperExecutor.execute(WrapperExecutor.java:107)
	at org.gradle.wrapper.GradleWrapperMain.main(GradleWrapperMain.java:63)
